warning: unused variable: `order`
   --> src/catalog.rs:435:14
    |
435 |         for (order, (col_name, col_type)) in columns.into_iter().enumerate() {
    |              ^^^^^ help: if this is intentional, prefix it with an underscore: `_order`
    |
    = note: `#[warn(unused_variables)]` on by default

warning: fields `database` and `transaction_manager` are never read
  --> src/network/protocol.rs:39:5
   |
38 | pub struct ProtocolHandler {
   |            --------------- fields in this struct
39 |     database: Arc<Database>,
   |     ^^^^^^^^
40 |     transaction_manager: Arc<TransactionManager>,
   |     ^^^^^^^^^^^^^^^^^^^
   |
   = note: `#[warn(dead_code)]` on by default

warning: method `logical_to_expression` is never used
   --> src/session.rs:390:8
    |
28  | impl Session {
    | ------------ method in this implementation
...
390 |     fn logical_to_expression(
    |        ^^^^^^^^^^^^^^^^^^^^^

warning: `vibedb` (lib) generated 3 warnings
   Compiling vibedb v0.1.0 (/home/ubuntu/dev/src/github.com/gtnao/vibedb)
    Finished `dev` profile [unoptimized + debuginfo] target(s) in 1.04s
     Running `target/debug/examples/psql_server`
Starting VibeDB PostgreSQL wire protocol server...
VibeDB server listening on localhost:5432
Connect with: psql -h localhost -p 5432 -U postgres testdb

Available tables: users, products
Example queries:
  INSERT INTO users VALUES (1, 'Alice', true);
  INSERT INTO products VALUES (1, 'Laptop', 99900);
  SELECT * FROM users;
  SELECT * FROM products;

Note: CREATE TABLE is not supported via psql. Tables must be created programmatically.
Press Ctrl+C to stop the server.
Error: IO error: Address already in use (os error 98)

Caused by:
    Address already in use (os error 98)
